TN:
SF:/home/elt1541/bterminal/src/api.rs
FN:12,list_sessions
FN:19,create_session
FN:29,delete_session
FNF:3
FNDA:1,list_sessions
FNDA:1,create_session
FNDA:1,delete_session
DA:12,1
DA:15,2
DA:16,2
DA:19,1
DA:23,2
DA:24,1
DA:25,2
DA:26,1
DA:29,1
DA:34,2
DA:35,1
LF:11
LH:11
end_of_record
TN:
SF:/home/elt1541/bterminal/src/lib.rs
FN:26,create_app
FN:37,static_handler
FN:62,index_html
FNF:3
FNDA:5,create_app
FNDA:20,static_handler
FNDA:2,index_html
DA:26,5
DA:27,55
DA:28,15
DA:29,15
DA:30,15
DA:31,10
DA:32,5
DA:33,10
DA:34,10
DA:37,20
DA:38,10
DA:40,9
DA:41,1
DA:44,3
DA:45,1
DA:46,2
DA:47,3
DA:48,2
DA:49,2
DA:52,0
DA:53,2
DA:54,2
DA:56,2
DA:62,2
DA:63,3
DA:64,3
DA:65,0
LF:27
LH:25
end_of_record
TN:
SF:/home/elt1541/bterminal/src/pty_manager.rs
FN:15,PtyManager::new
FN:45,PtyManager::start_reader
FN:67,PtyManager::write
FN:74,PtyManager::resize
FN:143,<impl Default for PtyManager>::default
FNF:5
FNDA:3,PtyManager::new
FNDA:2,PtyManager::start_reader
FNDA:2,PtyManager::write
FNDA:1,PtyManager::resize
FNDA:1,<impl Default for PtyManager>::default
DA:15,3
DA:16,3
DA:17,7
DA:18,11
DA:26,4
DA:27,2
DA:28,2
DA:30,7
DA:31,4
DA:34,2
DA:35,4
DA:36,2
DA:39,5
DA:40,6
DA:41,4
DA:45,2
DA:46,4
DA:47,4
DA:48,4
DA:49,3
DA:50,7
DA:51,2
DA:54,4
DA:55,7
DA:58,2
DA:60,1
DA:67,2
DA:68,2
DA:69,4
DA:70,2
DA:71,3
DA:74,1
DA:75,1
DA:76,2
DA:82,1
DA:143,1
DA:144,1
LF:37
LH:37
end_of_record
TN:
SF:/home/elt1541/bterminal/src/session.rs
FN:25,SessionRegistry::new
FN:31,SessionRegistry::create_session
FN:62,SessionRegistry::get_session
FN:66,SessionRegistry::list_sessions
FN:75,SessionRegistry::remove_session
FN:178,monitor_session
FN:210,<impl Default for SessionRegistry>::default
FNF:7
FNDA:10,SessionRegistry::new
FNDA:3,SessionRegistry::create_session
FNDA:2,SessionRegistry::get_session
FNDA:1,SessionRegistry::list_sessions
FNDA:1,SessionRegistry::remove_session
FNDA:2,monitor_session
FNDA:1,<impl Default for SessionRegistry>::default
DA:25,10
DA:27,3
DA:31,3
DA:32,6
DA:33,5
DA:34,3
DA:37,3
DA:38,5
DA:39,6
DA:40,3
DA:43,6
DA:44,6
DA:45,6
DA:48,6
DA:51,6
DA:52,3
DA:53,5
DA:54,6
DA:55,3
DA:58,3
DA:59,3
DA:62,2
DA:63,2
DA:66,1
DA:67,2
DA:71,3
DA:75,1
DA:76,1
DA:178,2
DA:184,2
DA:185,12
DA:186,2
DA:187,4
DA:189,2
DA:193,4
DA:194,4
DA:195,2
DA:196,2
DA:197,0
DA:210,1
DA:211,1
LF:41
LH:40
end_of_record
TN:
SF:/home/elt1541/bterminal/src/ws.rs
FN:18,ws_handler
FN:34,handle_socket
FNF:2
FNDA:2,ws_handler
FNDA:8,handle_socket
DA:18,2
DA:23,4
DA:25,3
DA:26,1
DA:27,1
DA:28,5
DA:29,4
DA:30,6
DA:34,8
DA:35,4
DA:39,4
DA:40,5
DA:41,1
DA:43,2
DA:47,2
DA:48,2
DA:55,4
DA:56,4
DA:59,8
DA:60,13
DA:61,1
DA:64,1
DA:65,4
DA:66,0
DA:72,0
DA:76,8
DA:77,11
DA:78,1
DA:79,3
DA:80,1
DA:81,1
DA:82,2
DA:84,0
DA:87,0
DA:88,0
DA:90,0
DA:100,5
LF:37
LH:31
end_of_record
