TN:
SF:/home/elt1541/bterminal/src/api.rs
FN:16,list_sessions
FN:23,create_session
FN:34,delete_session
FN:43,events_handler
FNF:4
FNDA:1,list_sessions
FNDA:2,create_session
FNDA:1,delete_session
FNDA:1,events_handler
DA:16,1
DA:19,2
DA:20,1
DA:23,2
DA:27,4
DA:28,2
DA:29,4
DA:30,2
DA:31,2
DA:34,1
DA:38,2
DA:39,1
DA:40,1
DA:43,1
DA:46,2
DA:48,2
DA:49,7
DA:50,2
DA:51,1
DA:56,2
LF:20
LH:20
end_of_record
TN:
SF:/home/elt1541/bterminal/src/lib.rs
FN:43,create_app
FN:57,static_handler
FN:82,index_html
FNF:3
FNDA:5,create_app
FNDA:20,static_handler
FNDA:2,index_html
DA:43,5
DA:44,5
DA:46,65
DA:47,15
DA:48,15
DA:49,15
DA:50,15
DA:51,10
DA:52,5
DA:53,10
DA:54,10
DA:57,20
DA:58,10
DA:60,9
DA:61,1
DA:64,4
DA:65,1
DA:66,2
DA:67,3
DA:68,5
DA:69,3
DA:72,0
DA:73,2
DA:74,5
DA:76,5
DA:82,2
DA:83,2
DA:84,3
DA:85,3
LF:29
LH:28
end_of_record
TN:
SF:/home/elt1541/bterminal/src/pty_manager.rs
FN:15,PtyManager::new
FN:45,PtyManager::start_reader
FN:67,PtyManager::write
FN:75,PtyManager::resize
FN:89,<impl Default for PtyManager>::default
FNF:5
FNDA:3,PtyManager::new
FNDA:5,PtyManager::start_reader
FNDA:2,PtyManager::write
FNDA:1,PtyManager::resize
FNDA:1,<impl Default for PtyManager>::default
DA:15,3
DA:16,4
DA:17,4
DA:18,10
DA:26,8
DA:27,4
DA:28,4
DA:30,8
DA:31,4
DA:34,4
DA:35,9
DA:36,4
DA:39,10
DA:40,10
DA:41,4
DA:45,5
DA:46,10
DA:47,8
DA:48,6
DA:49,4
DA:50,8
DA:51,2
DA:54,4
DA:55,7
DA:58,2
DA:60,1
DA:67,2
DA:68,2
DA:69,4
DA:70,2
DA:71,2
DA:72,2
DA:75,1
DA:76,1
DA:77,2
DA:83,1
DA:84,1
DA:89,1
DA:90,1
LF:39
LH:39
end_of_record
TN:
SF:/home/elt1541/bterminal/src/session.rs
FN:26,monitor_session
FN:62,SessionRegistry::new
FN:70,SessionRegistry::create_session
FN:101,SessionRegistry::get_session
FN:106,SessionRegistry::list_sessions
FN:115,SessionRegistry::remove_session
FNF:6
FNDA:4,monitor_session
FNDA:5,SessionRegistry::new
FNDA:5,SessionRegistry::create_session
FNDA:2,SessionRegistry::get_session
FNDA:1,SessionRegistry::list_sessions
FNDA:1,SessionRegistry::remove_session
DA:26,4
DA:33,3
DA:34,17
DA:35,3
DA:36,6
DA:38,4
DA:40,2
DA:44,4
DA:45,4
DA:46,2
DA:47,2
DA:48,0
DA:62,5
DA:64,18
DA:70,5
DA:71,9
DA:72,9
DA:73,4
DA:76,6
DA:77,10
DA:78,10
DA:79,4
DA:82,10
DA:85,10
DA:88,10
DA:89,4
DA:90,5
DA:91,9
DA:92,10
DA:93,6
DA:96,6
DA:97,4
DA:101,2
DA:102,2
DA:106,1
DA:107,2
DA:111,3
DA:115,1
DA:116,1
LF:39
LH:38
end_of_record
TN:
SF:/home/elt1541/bterminal/src/ws.rs
FN:19,ws_handler
FN:35,handle_socket
FNF:2
FNDA:2,ws_handler
FNDA:8,handle_socket
DA:19,2
DA:24,4
DA:26,3
DA:27,1
DA:28,1
DA:29,5
DA:30,4
DA:31,6
DA:35,8
DA:36,4
DA:40,4
DA:41,5
DA:42,1
DA:44,2
DA:48,2
DA:49,2
DA:55,4
DA:56,4
DA:59,8
DA:60,13
DA:61,1
DA:64,1
DA:65,4
DA:66,0
DA:72,0
DA:76,8
DA:77,11
DA:78,1
DA:79,3
DA:81,1
DA:82,1
DA:83,2
DA:85,0
DA:88,0
DA:89,0
DA:91,0
DA:100,2
LF:37
LH:31
end_of_record
